Using pre-set license

 COMMAND LINE ARGUMENTS:
/Applications/Unity/Hub/Editor/2020.2.1f1/Unity.app/Contents/MacOS/Unity
-adb2
-batchMode
-noUpm
-name
AssetImportWorker1
-projectPath
/Users/mostovschikovvasiliy/Documents/Peppered/[PEPPERED]/[UNITY PROJECT]/Peppered_Git-hub/Peppered
-logFile
Logs/AssetImportWorker1.log
-srvPort
58806
Successfully changed project path to: /Users/mostovschikovvasiliy/Documents/Peppered/[PEPPERED]/[UNITY PROJECT]/Peppered_Git-hub/Peppered
/Users/mostovschikovvasiliy/Documents/Peppered/[PEPPERED]/[UNITY PROJECT]/Peppered_Git-hub/Peppered
Using Asset Import Pipeline V2.
Refreshing native plugins compatible for Editor in 79.30 ms, found 1 plugins.
Preloading 0 native plugins for Editor in 0.00 ms.
Initialize engine version: 2020.2.1f1 (270dd8c3da1c)
[Subsystems] Discovering subsystems at path /Applications/Unity/Hub/Editor/2020.2.1f1/Unity.app/Contents/Resources/UnitySubsystems
[Subsystems] Discovering subsystems at path /Users/mostovschikovvasiliy/Documents/Peppered/[PEPPERED]/[UNITY PROJECT]/Peppered_Git-hub/Peppered/Assets
GfxDevice: creating device client; threaded=0
2022-02-06 23:30:24.395 Unity[19524:6291933] iMac preferred device: AMD Radeon Pro 570 (high power)
2022-02-06 23:30:24.396 Unity[19524:6291933] Metal devices available: 1
2022-02-06 23:30:24.396 Unity[19524:6291933] 0: AMD Radeon Pro 570 (high power)
2022-02-06 23:30:24.397 Unity[19524:6291933] Using device AMD Radeon Pro 570 (high power)
Initializing Metal device caps: AMD Radeon Pro 570
Shader 'Universal Render Pipeline/Particles/Lit': fallback shader 'Universal Render Pipeline/Particles/SimpleLit' not found
Initialize mono
Mono path[0] = '/Applications/Unity/Hub/Editor/2020.2.1f1/Unity.app/Contents/Managed'
Mono path[1] = '/Applications/Unity/Hub/Editor/2020.2.1f1/Unity.app/Contents/MonoBleedingEdge/lib/mono/unityjit'
Mono config path = '/Applications/Unity/Hub/Editor/2020.2.1f1/Unity.app/Contents/MonoBleedingEdge/etc'
Using monoOptions --debugger-agent=transport=dt_socket,embedding=1,server=y,suspend=n,address=127.0.0.1:56524
Begin MonoManager ReloadAssembly
Registering precompiled unity dll's ...
Register platform support module: /Applications/Unity/Hub/Editor/2020.2.1f1/Unity.app/Contents/PlaybackEngines/MacStandaloneSupport/UnityEditor.OSXStandalone.Extensions.dll
Register platform support module: /Applications/Unity/Hub/Editor/2020.2.1f1/PlaybackEngines/WindowsStandaloneSupport/UnityEditor.WindowsStandalone.Extensions.dll
Registered in 0.000421 seconds.
Native extension for WindowsStandalone target not found
Native extension for OSXStandalone target not found
Refreshing native plugins compatible for Editor in 79.50 ms, found 1 plugins.
Preloading 0 native plugins for Editor in 0.00 ms.
Invoked RoslynAnalysisRunner static constructor.
RoslynAnalysisRunner will not be running.
RoslynAnalysisRunner has terminated.
Mono: successfully reloaded assembly
- Completed reload, in  2.032 seconds
Platform modules already initialized, skipping
Registering precompiled user dll's ...
Registered in 0.001838 seconds.
Begin MonoManager ReloadAssembly
Native extension for WindowsStandalone target not found
Native extension for OSXStandalone target not found
Refreshing native plugins compatible for Editor in 73.28 ms, found 1 plugins.
Preloading 0 native plugins for Editor in 0.00 ms.
Invoked RoslynAnalysisRunner static constructor.
RoslynAnalysisRunner will not be running.
RoslynAnalysisRunner has terminated.
Mono: successfully reloaded assembly
- Completed reload, in  1.214 seconds
Platform modules already initialized, skipping
========================================================================
Worker process is ready to serve import requests
Shader 'Universal Render Pipeline/Particles/Lit': fallback shader 'Universal Render Pipeline/Particles/SimpleLit' not found
Launching external process: /Applications/Unity/Hub/Editor/2020.2.1f1/Unity.app/Contents/Tools/UnityShaderCompiler
Launched and connected shader compiler UnityShaderCompiler after 0.02 seconds
Refreshing native plugins compatible for Editor in 0.80 ms, found 1 plugins.
Preloading 0 native plugins for Editor in 0.00 ms.
Unloading 3467 Unused Serialized files (Serialized files now loaded: 0)
System memory in use before: 259.1 MB.
System memory in use after: 259.4 MB.

Unloading 38 unused Assets to reduce memory usage. Loaded Objects now: 3933.
Total: 2.450855 ms (FindLiveObjects: 0.495900 ms CreateObjectMapping: 0.164796 ms MarkObjects: 1.759581 ms  DeleteObjects: 0.029805 ms)

========================================================================
Received Import Request.
  path: Assets/Scenes/Areas/Abyss/A_11.unity
  artifactKey: Guid(456a29bb961a4471a8b653b158efc653) Importer(815301076,1909f56bfc062723c751e8b465ee728b)
Start importing Assets/Scenes/Areas/Abyss/A_11.unity using Guid(456a29bb961a4471a8b653b158efc653) Importer(815301076,1909f56bfc062723c751e8b465ee728b)  -> (artifact id: '474afd524f6c7463f6e50c914a4eb178') in 0.017493 seconds
  Import took 0.024027 seconds .

========================================================================
Received Import Request.
  Time since last request: 1.441260 seconds.
  path: Assets/Scenes/Areas/Abyss/A_7.unity
  artifactKey: Guid(0a54e3755d0684ccf8b8a88a69014e07) Importer(815301076,1909f56bfc062723c751e8b465ee728b)
Start importing Assets/Scenes/Areas/Abyss/A_7.unity using Guid(0a54e3755d0684ccf8b8a88a69014e07) Importer(815301076,1909f56bfc062723c751e8b465ee728b)  -> (artifact id: 'e30810a206fc5618cbda2c458c745d9d') in 0.005068 seconds
  Import took 0.013001 seconds .

========================================================================
Received Prepare
Registering precompiled user dll's ...
Registered in 0.001927 seconds.
Begin MonoManager ReloadAssembly
Native extension for WindowsStandalone target not found
Native extension for OSXStandalone target not found
Refreshing native plugins compatible for Editor in 0.83 ms, found 1 plugins.
Preloading 0 native plugins for Editor in 0.00 ms.
Invoked RoslynAnalysisRunner static constructor.
RoslynAnalysisRunner will not be running.
RoslynAnalysisRunner has terminated.
Mono: successfully reloaded assembly
- Completed reload, in  1.035 seconds
Platform modules already initialized, skipping
Shader 'Universal Render Pipeline/Particles/Lit': fallback shader 'Universal Render Pipeline/Particles/SimpleLit' not found
Refreshing native plugins compatible for Editor in 0.82 ms, found 1 plugins.
Preloading 0 native plugins for Editor in 0.00 ms.
Unloading 3316 Unused Serialized files (Serialized files now loaded: 0)
System memory in use before: 251.1 MB.
System memory in use after: 251.3 MB.

Unloading 30 unused Assets to reduce memory usage. Loaded Objects now: 3935.
Total: 2.250076 ms (FindLiveObjects: 0.314841 ms CreateObjectMapping: 0.148819 ms MarkObjects: 1.767754 ms  DeleteObjects: 0.017797 ms)

========================================================================
Received Prepare
Registering precompiled user dll's ...
Registered in 0.001920 seconds.
Begin MonoManager ReloadAssembly
Native extension for WindowsStandalone target not found
Native extension for OSXStandalone target not found
Refreshing native plugins compatible for Editor in 0.80 ms, found 1 plugins.
Preloading 0 native plugins for Editor in 0.00 ms.
Invoked RoslynAnalysisRunner static constructor.
RoslynAnalysisRunner will not be running.
RoslynAnalysisRunner has terminated.
Mono: successfully reloaded assembly
- Completed reload, in  1.059 seconds
Platform modules already initialized, skipping
Shader 'Universal Render Pipeline/Particles/Lit': fallback shader 'Universal Render Pipeline/Particles/SimpleLit' not found
Refreshing native plugins compatible for Editor in 0.91 ms, found 1 plugins.
Preloading 0 native plugins for Editor in 0.00 ms.
Unloading 3316 Unused Serialized files (Serialized files now loaded: 0)
System memory in use before: 251.2 MB.
System memory in use after: 251.5 MB.

Unloading 30 unused Assets to reduce memory usage. Loaded Objects now: 3937.
Total: 2.491114 ms (FindLiveObjects: 0.430534 ms CreateObjectMapping: 0.183817 ms MarkObjects: 1.854861 ms  DeleteObjects: 0.020826 ms)

========================================================================
Received Prepare
Registering precompiled user dll's ...
Registered in 0.001890 seconds.
Begin MonoManager ReloadAssembly
Native extension for WindowsStandalone target not found
Native extension for OSXStandalone target not found
Refreshing native plugins compatible for Editor in 0.79 ms, found 1 plugins.
Preloading 0 native plugins for Editor in 0.00 ms.
Invoked RoslynAnalysisRunner static constructor.
RoslynAnalysisRunner will not be running.
RoslynAnalysisRunner has terminated.
Mono: successfully reloaded assembly
- Completed reload, in  1.022 seconds
Platform modules already initialized, skipping
Shader 'Universal Render Pipeline/Particles/Lit': fallback shader 'Universal Render Pipeline/Particles/SimpleLit' not found
Refreshing native plugins compatible for Editor in 0.80 ms, found 1 plugins.
Preloading 0 native plugins for Editor in 0.00 ms.
Unloading 3316 Unused Serialized files (Serialized files now loaded: 0)
System memory in use before: 251.8 MB.
System memory in use after: 252.0 MB.

Unloading 30 unused Assets to reduce memory usage. Loaded Objects now: 3939.
Total: 2.395824 ms (FindLiveObjects: 0.386204 ms CreateObjectMapping: 0.196807 ms MarkObjects: 1.793841 ms  DeleteObjects: 0.018215 ms)

========================================================================
Received Prepare
Registering precompiled user dll's ...
Registered in 0.001978 seconds.
Begin MonoManager ReloadAssembly
Native extension for WindowsStandalone target not found
Native extension for OSXStandalone target not found
Refreshing native plugins compatible for Editor in 0.83 ms, found 1 plugins.
Preloading 0 native plugins for Editor in 0.00 ms.
Invoked RoslynAnalysisRunner static constructor.
RoslynAnalysisRunner will not be running.
RoslynAnalysisRunner has terminated.
Mono: successfully reloaded assembly
- Completed reload, in  1.059 seconds
Platform modules already initialized, skipping
Shader 'Universal Render Pipeline/Particles/Lit': fallback shader 'Universal Render Pipeline/Particles/SimpleLit' not found
Refreshing native plugins compatible for Editor in 0.80 ms, found 1 plugins.
Preloading 0 native plugins for Editor in 0.00 ms.
Unloading 3316 Unused Serialized files (Serialized files now loaded: 0)
System memory in use before: 251.9 MB.
System memory in use after: 252.1 MB.

Unloading 30 unused Assets to reduce memory usage. Loaded Objects now: 3941.
Total: 2.412358 ms (FindLiveObjects: 0.371904 ms CreateObjectMapping: 0.156276 ms MarkObjects: 1.860311 ms  DeleteObjects: 0.022801 ms)

========================================================================
Received Prepare
Registering precompiled user dll's ...
Registered in 0.002038 seconds.
Begin MonoManager ReloadAssembly
Native extension for WindowsStandalone target not found
Native extension for OSXStandalone target not found
Refreshing native plugins compatible for Editor in 0.82 ms, found 1 plugins.
Preloading 0 native plugins for Editor in 0.00 ms.
Invoked RoslynAnalysisRunner static constructor.
RoslynAnalysisRunner will not be running.
RoslynAnalysisRunner has terminated.
Mono: successfully reloaded assembly
- Completed reload, in  1.062 seconds
Platform modules already initialized, skipping
Shader 'Universal Render Pipeline/Particles/Lit': fallback shader 'Universal Render Pipeline/Particles/SimpleLit' not found
Refreshing native plugins compatible for Editor in 0.80 ms, found 1 plugins.
Preloading 0 native plugins for Editor in 0.00 ms.
Unloading 3316 Unused Serialized files (Serialized files now loaded: 0)
System memory in use before: 252.2 MB.
System memory in use after: 252.5 MB.

Unloading 30 unused Assets to reduce memory usage. Loaded Objects now: 3943.
Total: 2.438488 ms (FindLiveObjects: 0.411354 ms CreateObjectMapping: 0.174840 ms MarkObjects: 1.831725 ms  DeleteObjects: 0.019147 ms)

========================================================================
Received Prepare
Registering precompiled user dll's ...
Registered in 0.001918 seconds.
Begin MonoManager ReloadAssembly
Native extension for WindowsStandalone target not found
Native extension for OSXStandalone target not found
Refreshing native plugins compatible for Editor in 0.89 ms, found 1 plugins.
Preloading 0 native plugins for Editor in 0.00 ms.
Invoked RoslynAnalysisRunner static constructor.
RoslynAnalysisRunner will not be running.
RoslynAnalysisRunner has terminated.
Mono: successfully reloaded assembly
- Completed reload, in  1.061 seconds
Platform modules already initialized, skipping
Shader 'Universal Render Pipeline/Particles/Lit': fallback shader 'Universal Render Pipeline/Particles/SimpleLit' not found
Refreshing native plugins compatible for Editor in 0.81 ms, found 1 plugins.
Preloading 0 native plugins for Editor in 0.00 ms.
Unloading 3316 Unused Serialized files (Serialized files now loaded: 0)
System memory in use before: 252.5 MB.
System memory in use after: 252.8 MB.

Unloading 30 unused Assets to reduce memory usage. Loaded Objects now: 3945.
Total: 2.532934 ms (FindLiveObjects: 0.436709 ms CreateObjectMapping: 0.183818 ms MarkObjects: 1.890222 ms  DeleteObjects: 0.021195 ms)

========================================================================
Received Prepare
Registering precompiled user dll's ...
Registered in 0.001988 seconds.
Begin MonoManager ReloadAssembly
Native extension for WindowsStandalone target not found
Native extension for OSXStandalone target not found
Refreshing native plugins compatible for Editor in 0.79 ms, found 1 plugins.
Preloading 0 native plugins for Editor in 0.00 ms.
Invoked RoslynAnalysisRunner static constructor.
RoslynAnalysisRunner will not be running.
RoslynAnalysisRunner has terminated.
Mono: successfully reloaded assembly
- Completed reload, in  1.062 seconds
Platform modules already initialized, skipping
Shader 'Universal Render Pipeline/Particles/Lit': fallback shader 'Universal Render Pipeline/Particles/SimpleLit' not found
Refreshing native plugins compatible for Editor in 1.22 ms, found 1 plugins.
Preloading 0 native plugins for Editor in 0.00 ms.
Unloading 3316 Unused Serialized files (Serialized files now loaded: 0)
System memory in use before: 252.9 MB.
System memory in use after: 253.1 MB.

Unloading 30 unused Assets to reduce memory usage. Loaded Objects now: 3947.
Total: 2.373662 ms (FindLiveObjects: 0.367074 ms CreateObjectMapping: 0.150760 ms MarkObjects: 1.832090 ms  DeleteObjects: 0.022677 ms)

========================================================================
Received Prepare
Registering precompiled user dll's ...
Registered in 0.001902 seconds.
Begin MonoManager ReloadAssembly
Native extension for WindowsStandalone target not found
Native extension for OSXStandalone target not found
Refreshing native plugins compatible for Editor in 0.80 ms, found 1 plugins.
Preloading 0 native plugins for Editor in 0.00 ms.
Invoked RoslynAnalysisRunner static constructor.
RoslynAnalysisRunner will not be running.
RoslynAnalysisRunner has terminated.
Mono: successfully reloaded assembly
- Completed reload, in  1.062 seconds
Platform modules already initialized, skipping
Shader 'Universal Render Pipeline/Particles/Lit': fallback shader 'Universal Render Pipeline/Particles/SimpleLit' not found
Refreshing native plugins compatible for Editor in 0.81 ms, found 1 plugins.
Preloading 0 native plugins for Editor in 0.00 ms.
Unloading 3316 Unused Serialized files (Serialized files now loaded: 0)
System memory in use before: 253.2 MB.
System memory in use after: 253.4 MB.

Unloading 30 unused Assets to reduce memory usage. Loaded Objects now: 3949.
Total: 2.476393 ms (FindLiveObjects: 0.373526 ms CreateObjectMapping: 0.180031 ms MarkObjects: 1.900083 ms  DeleteObjects: 0.021694 ms)

========================================================================
Received Prepare
Registering precompiled user dll's ...
Registered in 0.001953 seconds.
Begin MonoManager ReloadAssembly
Native extension for WindowsStandalone target not found
Native extension for OSXStandalone target not found
Refreshing native plugins compatible for Editor in 0.80 ms, found 1 plugins.
Preloading 0 native plugins for Editor in 0.00 ms.
Invoked RoslynAnalysisRunner static constructor.
RoslynAnalysisRunner will not be running.
RoslynAnalysisRunner has terminated.
Mono: successfully reloaded assembly
- Completed reload, in  1.084 seconds
Platform modules already initialized, skipping
Shader 'Universal Render Pipeline/Particles/Lit': fallback shader 'Universal Render Pipeline/Particles/SimpleLit' not found
Refreshing native plugins compatible for Editor in 0.80 ms, found 1 plugins.
Preloading 0 native plugins for Editor in 0.00 ms.
Unloading 3316 Unused Serialized files (Serialized files now loaded: 0)
System memory in use before: 253.5 MB.
System memory in use after: 253.7 MB.

Unloading 30 unused Assets to reduce memory usage. Loaded Objects now: 3951.
Total: 2.458274 ms (FindLiveObjects: 0.392968 ms CreateObjectMapping: 0.156301 ms MarkObjects: 1.889107 ms  DeleteObjects: 0.018971 ms)

========================================================================
Received Prepare
Registering precompiled user dll's ...
Registered in 0.001908 seconds.
Begin MonoManager ReloadAssembly
Native extension for WindowsStandalone target not found
Native extension for OSXStandalone target not found
Refreshing native plugins compatible for Editor in 0.81 ms, found 1 plugins.
Preloading 0 native plugins for Editor in 0.00 ms.
Invoked RoslynAnalysisRunner static constructor.
RoslynAnalysisRunner will not be running.
RoslynAnalysisRunner has terminated.
Mono: successfully reloaded assembly
- Completed reload, in  1.066 seconds
Platform modules already initialized, skipping
Shader 'Universal Render Pipeline/Particles/Lit': fallback shader 'Universal Render Pipeline/Particles/SimpleLit' not found
Refreshing native plugins compatible for Editor in 0.80 ms, found 1 plugins.
Preloading 0 native plugins for Editor in 0.00 ms.
Unloading 3316 Unused Serialized files (Serialized files now loaded: 0)
System memory in use before: 253.8 MB.
System memory in use after: 254.0 MB.

Unloading 30 unused Assets to reduce memory usage. Loaded Objects now: 3953.
Total: 2.614645 ms (FindLiveObjects: 0.410081 ms CreateObjectMapping: 0.175005 ms MarkObjects: 2.006690 ms  DeleteObjects: 0.021973 ms)

========================================================================
Received Prepare
Registering precompiled user dll's ...
Registered in 0.001913 seconds.
Begin MonoManager ReloadAssembly
Native extension for WindowsStandalone target not found
Native extension for OSXStandalone target not found
Refreshing native plugins compatible for Editor in 0.79 ms, found 1 plugins.
Preloading 0 native plugins for Editor in 0.00 ms.
Invoked RoslynAnalysisRunner static constructor.
RoslynAnalysisRunner will not be running.
RoslynAnalysisRunner has terminated.
Mono: successfully reloaded assembly
- Completed reload, in  1.064 seconds
Platform modules already initialized, skipping
Shader 'Universal Render Pipeline/Particles/Lit': fallback shader 'Universal Render Pipeline/Particles/SimpleLit' not found
Refreshing native plugins compatible for Editor in 0.82 ms, found 1 plugins.
Preloading 0 native plugins for Editor in 0.00 ms.
Unloading 3316 Unused Serialized files (Serialized files now loaded: 0)
System memory in use before: 254.1 MB.
System memory in use after: 254.3 MB.

Unloading 30 unused Assets to reduce memory usage. Loaded Objects now: 3955.
Total: 2.479629 ms (FindLiveObjects: 0.389804 ms CreateObjectMapping: 0.181986 ms MarkObjects: 1.881906 ms  DeleteObjects: 0.024990 ms)

========================================================================
Received Prepare
Registering precompiled user dll's ...
Registered in 0.001897 seconds.
Begin MonoManager ReloadAssembly
Native extension for WindowsStandalone target not found
Native extension for OSXStandalone target not found
Refreshing native plugins compatible for Editor in 0.80 ms, found 1 plugins.
Preloading 0 native plugins for Editor in 0.00 ms.
Invoked RoslynAnalysisRunner static constructor.
RoslynAnalysisRunner will not be running.
RoslynAnalysisRunner has terminated.
Mono: successfully reloaded assembly
- Completed reload, in  1.103 seconds
Platform modules already initialized, skipping
Shader 'Universal Render Pipeline/Particles/Lit': fallback shader 'Universal Render Pipeline/Particles/SimpleLit' not found
Refreshing native plugins compatible for Editor in 0.80 ms, found 1 plugins.
Preloading 0 native plugins for Editor in 0.00 ms.
Unloading 3316 Unused Serialized files (Serialized files now loaded: 0)
System memory in use before: 254.6 MB.
System memory in use after: 254.9 MB.

Unloading 30 unused Assets to reduce memory usage. Loaded Objects now: 3957.
Total: 2.466382 ms (FindLiveObjects: 0.388051 ms CreateObjectMapping: 0.163917 ms MarkObjects: 1.893439 ms  DeleteObjects: 0.020020 ms)

========================================================================
Received Prepare
Registering precompiled user dll's ...
Registered in 0.002027 seconds.
Begin MonoManager ReloadAssembly
Native extension for WindowsStandalone target not found
Native extension for OSXStandalone target not found
Refreshing native plugins compatible for Editor in 0.79 ms, found 1 plugins.
Preloading 0 native plugins for Editor in 0.00 ms.
Invoked RoslynAnalysisRunner static constructor.
RoslynAnalysisRunner will not be running.
RoslynAnalysisRunner has terminated.
Mono: successfully reloaded assembly
- Completed reload, in  1.066 seconds
Platform modules already initialized, skipping
Shader 'Universal Render Pipeline/Particles/Lit': fallback shader 'Universal Render Pipeline/Particles/SimpleLit' not found
Refreshing native plugins compatible for Editor in 0.87 ms, found 1 plugins.
Preloading 0 native plugins for Editor in 0.00 ms.
Unloading 3316 Unused Serialized files (Serialized files now loaded: 0)
System memory in use before: 254.7 MB.
System memory in use after: 255.0 MB.

Unloading 30 unused Assets to reduce memory usage. Loaded Objects now: 3959.
Total: 2.592675 ms (FindLiveObjects: 0.427554 ms CreateObjectMapping: 0.190830 ms MarkObjects: 1.953247 ms  DeleteObjects: 0.020196 ms)

========================================================================
Received Prepare
Registering precompiled user dll's ...
Registered in 0.001965 seconds.
Begin MonoManager ReloadAssembly
Native extension for WindowsStandalone target not found
Native extension for OSXStandalone target not found
Refreshing native plugins compatible for Editor in 0.80 ms, found 1 plugins.
Preloading 0 native plugins for Editor in 0.00 ms.
Invoked RoslynAnalysisRunner static constructor.
RoslynAnalysisRunner will not be running.
RoslynAnalysisRunner has terminated.
Mono: successfully reloaded assembly
- Completed reload, in  1.112 seconds
Platform modules already initialized, skipping
Shader 'Universal Render Pipeline/Particles/Lit': fallback shader 'Universal Render Pipeline/Particles/SimpleLit' not found
Refreshing native plugins compatible for Editor in 0.81 ms, found 1 plugins.
Preloading 0 native plugins for Editor in 0.00 ms.
Unloading 3316 Unused Serialized files (Serialized files now loaded: 0)
System memory in use before: 255.3 MB.
System memory in use after: 255.5 MB.

Unloading 30 unused Assets to reduce memory usage. Loaded Objects now: 3961.
Total: 2.796875 ms (FindLiveObjects: 0.440291 ms CreateObjectMapping: 0.196457 ms MarkObjects: 2.138325 ms  DeleteObjects: 0.020761 ms)

========================================================================
Received Prepare
Registering precompiled user dll's ...
Registered in 0.001949 seconds.
Begin MonoManager ReloadAssembly
Native extension for WindowsStandalone target not found
Native extension for OSXStandalone target not found
Refreshing native plugins compatible for Editor in 0.81 ms, found 1 plugins.
Preloading 0 native plugins for Editor in 0.00 ms.
Invoked RoslynAnalysisRunner static constructor.
RoslynAnalysisRunner will not be running.
RoslynAnalysisRunner has terminated.
Mono: successfully reloaded assembly
- Completed reload, in  1.065 seconds
Platform modules already initialized, skipping
Shader 'Universal Render Pipeline/Particles/Lit': fallback shader 'Universal Render Pipeline/Particles/SimpleLit' not found
Refreshing native plugins compatible for Editor in 0.81 ms, found 1 plugins.
Preloading 0 native plugins for Editor in 0.00 ms.
Unloading 3316 Unused Serialized files (Serialized files now loaded: 0)
System memory in use before: 255.4 MB.
System memory in use after: 255.6 MB.

Unloading 30 unused Assets to reduce memory usage. Loaded Objects now: 3963.
Total: 2.548143 ms (FindLiveObjects: 0.446488 ms CreateObjectMapping: 0.187240 ms MarkObjects: 1.892748 ms  DeleteObjects: 0.020838 ms)

========================================================================
Received Prepare
Registering precompiled user dll's ...
Registered in 0.001881 seconds.
Begin MonoManager ReloadAssembly
Native extension for WindowsStandalone target not found
Native extension for OSXStandalone target not found
Refreshing native plugins compatible for Editor in 1.09 ms, found 1 plugins.
Preloading 0 native plugins for Editor in 0.00 ms.
Invoked RoslynAnalysisRunner static constructor.
RoslynAnalysisRunner will not be running.
RoslynAnalysisRunner has terminated.
Mono: successfully reloaded assembly
- Completed reload, in  1.122 seconds
Platform modules already initialized, skipping
Shader 'Universal Render Pipeline/Particles/Lit': fallback shader 'Universal Render Pipeline/Particles/SimpleLit' not found
Refreshing native plugins compatible for Editor in 0.81 ms, found 1 plugins.
Preloading 0 native plugins for Editor in 0.00 ms.
Unloading 3316 Unused Serialized files (Serialized files now loaded: 0)
System memory in use before: 255.9 MB.
System memory in use after: 256.1 MB.

Unloading 30 unused Assets to reduce memory usage. Loaded Objects now: 3965.
Total: 2.881936 ms (FindLiveObjects: 0.422300 ms CreateObjectMapping: 0.158766 ms MarkObjects: 2.279146 ms  DeleteObjects: 0.020678 ms)

========================================================================
Received Prepare
Registering precompiled user dll's ...
Registered in 0.001928 seconds.
Begin MonoManager ReloadAssembly
Native extension for WindowsStandalone target not found
Native extension for OSXStandalone target not found
Refreshing native plugins compatible for Editor in 0.80 ms, found 1 plugins.
Preloading 0 native plugins for Editor in 0.00 ms.
Invoked RoslynAnalysisRunner static constructor.
RoslynAnalysisRunner will not be running.
RoslynAnalysisRunner has terminated.
Mono: successfully reloaded assembly
- Completed reload, in  1.068 seconds
Platform modules already initialized, skipping
Shader 'Universal Render Pipeline/Particles/Lit': fallback shader 'Universal Render Pipeline/Particles/SimpleLit' not found
Refreshing native plugins compatible for Editor in 0.81 ms, found 1 plugins.
Preloading 0 native plugins for Editor in 0.00 ms.
Unloading 3316 Unused Serialized files (Serialized files now loaded: 0)
System memory in use before: 256.0 MB.
System memory in use after: 256.2 MB.

Unloading 30 unused Assets to reduce memory usage. Loaded Objects now: 3967.
Total: 2.533196 ms (FindLiveObjects: 0.382070 ms CreateObjectMapping: 0.160379 ms MarkObjects: 1.965925 ms  DeleteObjects: 0.023722 ms)

========================================================================
Received Import Request.
  Time since last request: 632.815597 seconds.
  path: Assets/Scenes/Areas/Abyss/A_8.unity
  artifactKey: Guid(20830608e31674694b2757c7a03a18f0) Importer(815301076,1909f56bfc062723c751e8b465ee728b)
Start importing Assets/Scenes/Areas/Abyss/A_8.unity using Guid(20830608e31674694b2757c7a03a18f0) Importer(815301076,1909f56bfc062723c751e8b465ee728b)  -> (artifact id: '8ee65729d6d6b3038604574d719c5294') in 0.019345 seconds
  Import took 0.025790 seconds .

========================================================================
Received Prepare
Registering precompiled user dll's ...
Registered in 0.001877 seconds.
Begin MonoManager ReloadAssembly
Native extension for WindowsStandalone target not found
Native extension for OSXStandalone target not found
Refreshing native plugins compatible for Editor in 1.14 ms, found 1 plugins.
Preloading 0 native plugins for Editor in 0.00 ms.
Invoked RoslynAnalysisRunner static constructor.
RoslynAnalysisRunner will not be running.
RoslynAnalysisRunner has terminated.
Mono: successfully reloaded assembly
- Completed reload, in  1.071 seconds
Platform modules already initialized, skipping
Shader 'Universal Render Pipeline/Particles/Lit': fallback shader 'Universal Render Pipeline/Particles/SimpleLit' not found
Refreshing native plugins compatible for Editor in 0.82 ms, found 1 plugins.
Preloading 0 native plugins for Editor in 0.00 ms.
Unloading 3316 Unused Serialized files (Serialized files now loaded: 0)
System memory in use before: 256.5 MB.
System memory in use after: 256.8 MB.

Unloading 30 unused Assets to reduce memory usage. Loaded Objects now: 3969.
Total: 2.404029 ms (FindLiveObjects: 0.369284 ms CreateObjectMapping: 0.155376 ms MarkObjects: 1.859701 ms  DeleteObjects: 0.018790 ms)

========================================================================
Received Prepare
Registering precompiled user dll's ...
Registered in 0.001886 seconds.
Begin MonoManager ReloadAssembly
Native extension for WindowsStandalone target not found
Native extension for OSXStandalone target not found
Refreshing native plugins compatible for Editor in 0.78 ms, found 1 plugins.
Preloading 0 native plugins for Editor in 0.00 ms.
Invoked RoslynAnalysisRunner static constructor.
RoslynAnalysisRunner will not be running.
RoslynAnalysisRunner has terminated.
Mono: successfully reloaded assembly
- Completed reload, in  1.040 seconds
Platform modules already initialized, skipping
Shader 'Universal Render Pipeline/Particles/Lit': fallback shader 'Universal Render Pipeline/Particles/SimpleLit' not found
Refreshing native plugins compatible for Editor in 0.78 ms, found 1 plugins.
Preloading 0 native plugins for Editor in 0.00 ms.
Unloading 3316 Unused Serialized files (Serialized files now loaded: 0)
System memory in use before: 256.8 MB.
System memory in use after: 257.1 MB.

Unloading 30 unused Assets to reduce memory usage. Loaded Objects now: 3971.
Total: 2.337796 ms (FindLiveObjects: 0.350836 ms CreateObjectMapping: 0.174527 ms MarkObjects: 1.793587 ms  DeleteObjects: 0.017868 ms)

========================================================================
Received Prepare
Registering precompiled user dll's ...
Registered in 0.001987 seconds.
Begin MonoManager ReloadAssembly
Native extension for WindowsStandalone target not found
Native extension for OSXStandalone target not found
Refreshing native plugins compatible for Editor in 0.80 ms, found 1 plugins.
Preloading 0 native plugins for Editor in 0.00 ms.
Invoked RoslynAnalysisRunner static constructor.
RoslynAnalysisRunner will not be running.
RoslynAnalysisRunner has terminated.
Mono: successfully reloaded assembly
- Completed reload, in  1.065 seconds
Platform modules already initialized, skipping
Shader 'Universal Render Pipeline/Particles/Lit': fallback shader 'Universal Render Pipeline/Particles/SimpleLit' not found
Refreshing native plugins compatible for Editor in 0.79 ms, found 1 plugins.
Preloading 0 native plugins for Editor in 0.00 ms.
Unloading 3316 Unused Serialized files (Serialized files now loaded: 0)
System memory in use before: 257.0 MB.
System memory in use after: 257.2 MB.

Unloading 30 unused Assets to reduce memory usage. Loaded Objects now: 3973.
Total: 2.519163 ms (FindLiveObjects: 0.388237 ms CreateObjectMapping: 0.176579 ms MarkObjects: 1.932275 ms  DeleteObjects: 0.021248 ms)

========================================================================
Received Prepare
Registering precompiled user dll's ...
Registered in 0.001945 seconds.
Begin MonoManager ReloadAssembly
Native extension for WindowsStandalone target not found
Native extension for OSXStandalone target not found
Refreshing native plugins compatible for Editor in 0.80 ms, found 1 plugins.
Preloading 0 native plugins for Editor in 0.00 ms.
Invoked RoslynAnalysisRunner static constructor.
RoslynAnalysisRunner will not be running.
RoslynAnalysisRunner has terminated.
Mono: successfully reloaded assembly
- Completed reload, in  1.068 seconds
Platform modules already initialized, skipping
Shader 'Universal Render Pipeline/Particles/Lit': fallback shader 'Universal Render Pipeline/Particles/SimpleLit' not found
Refreshing native plugins compatible for Editor in 0.88 ms, found 1 plugins.
Preloading 0 native plugins for Editor in 0.00 ms.
Unloading 3316 Unused Serialized files (Serialized files now loaded: 0)
System memory in use before: 257.3 MB.
System memory in use after: 257.5 MB.

Unloading 30 unused Assets to reduce memory usage. Loaded Objects now: 3975.
Total: 2.647890 ms (FindLiveObjects: 0.395098 ms CreateObjectMapping: 0.183011 ms MarkObjects: 2.046892 ms  DeleteObjects: 0.021772 ms)

========================================================================
Received Prepare
Registering precompiled user dll's ...
Registered in 0.002246 seconds.
Begin MonoManager ReloadAssembly
Native extension for WindowsStandalone target not found
Native extension for OSXStandalone target not found
Refreshing native plugins compatible for Editor in 0.85 ms, found 1 plugins.
Preloading 0 native plugins for Editor in 0.00 ms.
Invoked RoslynAnalysisRunner static constructor.
RoslynAnalysisRunner will not be running.
RoslynAnalysisRunner has terminated.
Mono: successfully reloaded assembly
- Completed reload, in  1.120 seconds
Platform modules already initialized, skipping
Shader 'Universal Render Pipeline/Particles/Lit': fallback shader 'Universal Render Pipeline/Particles/SimpleLit' not found
Refreshing native plugins compatible for Editor in 0.82 ms, found 1 plugins.
Preloading 0 native plugins for Editor in 0.00 ms.
Unloading 3316 Unused Serialized files (Serialized files now loaded: 0)
System memory in use before: 257.8 MB.
System memory in use after: 258.0 MB.

Unloading 30 unused Assets to reduce memory usage. Loaded Objects now: 3977.
Total: 2.429946 ms (FindLiveObjects: 0.378272 ms CreateObjectMapping: 0.170284 ms MarkObjects: 1.860624 ms  DeleteObjects: 0.019327 ms)

========================================================================
Received Import Request.
  Time since last request: 121.424361 seconds.
  path: Assets/Scenes/Areas/Abyss/A_8.unity
  artifactKey: Guid(20830608e31674694b2757c7a03a18f0) Importer(815301076,1909f56bfc062723c751e8b465ee728b)
Start importing Assets/Scenes/Areas/Abyss/A_8.unity using Guid(20830608e31674694b2757c7a03a18f0) Importer(815301076,1909f56bfc062723c751e8b465ee728b)  -> (artifact id: 'fadbe83cf1ad5417d8645060ac247b6c') in 0.017101 seconds
  Import took 0.022448 seconds .

========================================================================
Received Import Request.
  Time since last request: 8.860651 seconds.
  path: Assets/Scenes/Areas/Abyss/A_11.unity
  artifactKey: Guid(456a29bb961a4471a8b653b158efc653) Importer(815301076,1909f56bfc062723c751e8b465ee728b)
Start importing Assets/Scenes/Areas/Abyss/A_11.unity using Guid(456a29bb961a4471a8b653b158efc653) Importer(815301076,1909f56bfc062723c751e8b465ee728b)  -> (artifact id: '9bea5716bd6de7e7050aac5b5b9da019') in 0.005716 seconds
  Import took 0.011927 seconds .

========================================================================
Received Import Request.
  Time since last request: 38.893376 seconds.
  path: Assets/Scenes/Areas/Abyss/A_7.unity
  artifactKey: Guid(0a54e3755d0684ccf8b8a88a69014e07) Importer(815301076,1909f56bfc062723c751e8b465ee728b)
Start importing Assets/Scenes/Areas/Abyss/A_7.unity using Guid(0a54e3755d0684ccf8b8a88a69014e07) Importer(815301076,1909f56bfc062723c751e8b465ee728b)  -> (artifact id: '7f0eb52a7f76ab83f487d173fe00fa0d') in 0.005111 seconds
  Import took 0.011547 seconds .

========================================================================
Received Import Request.
  Time since last request: 8.279930 seconds.
  path: Assets/Scenes/Areas/Abyss/A_11.unity
  artifactKey: Guid(456a29bb961a4471a8b653b158efc653) Importer(815301076,1909f56bfc062723c751e8b465ee728b)
Start importing Assets/Scenes/Areas/Abyss/A_11.unity using Guid(456a29bb961a4471a8b653b158efc653) Importer(815301076,1909f56bfc062723c751e8b465ee728b)  -> (artifact id: 'd1571f2d7f2f3a64f8db6e7176c2adf6') in 0.006188 seconds
  Import took 0.012220 seconds .

========================================================================
Received Prepare
Registering precompiled user dll's ...
Registered in 0.001899 seconds.
Begin MonoManager ReloadAssembly
Native extension for WindowsStandalone target not found
Native extension for OSXStandalone target not found
Refreshing native plugins compatible for Editor in 0.89 ms, found 1 plugins.
Preloading 0 native plugins for Editor in 0.00 ms.
Invoked RoslynAnalysisRunner static constructor.
RoslynAnalysisRunner will not be running.
RoslynAnalysisRunner has terminated.
Mono: successfully reloaded assembly
- Completed reload, in  1.122 seconds
Platform modules already initialized, skipping
Shader 'Universal Render Pipeline/Particles/Lit': fallback shader 'Universal Render Pipeline/Particles/SimpleLit' not found
Refreshing native plugins compatible for Editor in 0.89 ms, found 1 plugins.
Preloading 0 native plugins for Editor in 0.00 ms.
Unloading 3316 Unused Serialized files (Serialized files now loaded: 0)
System memory in use before: 258.1 MB.
System memory in use after: 258.4 MB.

Unloading 30 unused Assets to reduce memory usage. Loaded Objects now: 3979.
Total: 2.931194 ms (FindLiveObjects: 0.430278 ms CreateObjectMapping: 0.165858 ms MarkObjects: 2.311191 ms  DeleteObjects: 0.022797 ms)

