Using pre-set license

 COMMAND LINE ARGUMENTS:
/Applications/Unity/Hub/Editor/2020.2.1f1/Unity.app/Contents/MacOS/Unity
-adb2
-batchMode
-noUpm
-name
AssetImportWorker0
-projectPath
/Users/mostovschikovvasiliy/Documents/Peppered/[PEPPERED]/[UNITY PROJECT]/Peppered_Git-hub/Peppered
-logFile
Logs/AssetImportWorker0.log
-srvPort
63401
Successfully changed project path to: /Users/mostovschikovvasiliy/Documents/Peppered/[PEPPERED]/[UNITY PROJECT]/Peppered_Git-hub/Peppered
/Users/mostovschikovvasiliy/Documents/Peppered/[PEPPERED]/[UNITY PROJECT]/Peppered_Git-hub/Peppered
Using Asset Import Pipeline V2.
Refreshing native plugins compatible for Editor in 80.34 ms, found 1 plugins.
Preloading 0 native plugins for Editor in 0.00 ms.
Initialize engine version: 2020.2.1f1 (270dd8c3da1c)
[Subsystems] Discovering subsystems at path /Applications/Unity/Hub/Editor/2020.2.1f1/Unity.app/Contents/Resources/UnitySubsystems
[Subsystems] Discovering subsystems at path /Users/mostovschikovvasiliy/Documents/Peppered/[PEPPERED]/[UNITY PROJECT]/Peppered_Git-hub/Peppered/Assets
GfxDevice: creating device client; threaded=0
2022-01-11 21:17:07.294 Unity[29661:8426257] iMac preferred device: AMD Radeon Pro 570 (high power)
2022-01-11 21:17:07.294 Unity[29661:8426257] Metal devices available: 1
2022-01-11 21:17:07.294 Unity[29661:8426257] 0: AMD Radeon Pro 570 (high power)
2022-01-11 21:17:07.295 Unity[29661:8426257] Using device AMD Radeon Pro 570 (high power)
Initializing Metal device caps: AMD Radeon Pro 570
Shader 'Universal Render Pipeline/Particles/Lit': fallback shader 'Universal Render Pipeline/Particles/SimpleLit' not found
Initialize mono
Mono path[0] = '/Applications/Unity/Hub/Editor/2020.2.1f1/Unity.app/Contents/Managed'
Mono path[1] = '/Applications/Unity/Hub/Editor/2020.2.1f1/Unity.app/Contents/MonoBleedingEdge/lib/mono/unityjit'
Mono config path = '/Applications/Unity/Hub/Editor/2020.2.1f1/Unity.app/Contents/MonoBleedingEdge/etc'
Using monoOptions --debugger-agent=transport=dt_socket,embedding=1,server=y,suspend=n,address=127.0.0.1:56661
Begin MonoManager ReloadAssembly
Registering precompiled unity dll's ...
Register platform support module: /Applications/Unity/Hub/Editor/2020.2.1f1/Unity.app/Contents/PlaybackEngines/MacStandaloneSupport/UnityEditor.OSXStandalone.Extensions.dll
Register platform support module: /Applications/Unity/Hub/Editor/2020.2.1f1/PlaybackEngines/WindowsStandaloneSupport/UnityEditor.WindowsStandalone.Extensions.dll
Registered in 0.000429 seconds.
Native extension for WindowsStandalone target not found
Native extension for OSXStandalone target not found
Refreshing native plugins compatible for Editor in 76.13 ms, found 1 plugins.
Preloading 0 native plugins for Editor in 0.00 ms.
Invoked RoslynAnalysisRunner static constructor.
RoslynAnalysisRunner will not be running.
RoslynAnalysisRunner has terminated.
Mono: successfully reloaded assembly
- Completed reload, in  1.663 seconds
Platform modules already initialized, skipping
Registering precompiled user dll's ...
Registered in 0.001932 seconds.
Begin MonoManager ReloadAssembly
Native extension for WindowsStandalone target not found
Native extension for OSXStandalone target not found
Refreshing native plugins compatible for Editor in 83.75 ms, found 1 plugins.
Preloading 0 native plugins for Editor in 0.00 ms.
Invoked RoslynAnalysisRunner static constructor.
RoslynAnalysisRunner will not be running.
RoslynAnalysisRunner has terminated.
Mono: successfully reloaded assembly
- Completed reload, in  1.250 seconds
Platform modules already initialized, skipping
========================================================================
Worker process is ready to serve import requests
Shader 'Universal Render Pipeline/Particles/Lit': fallback shader 'Universal Render Pipeline/Particles/SimpleLit' not found
Launching external process: /Applications/Unity/Hub/Editor/2020.2.1f1/Unity.app/Contents/Tools/UnityShaderCompiler
Launched and connected shader compiler UnityShaderCompiler after 0.02 seconds
Refreshing native plugins compatible for Editor in 0.98 ms, found 1 plugins.
Preloading 0 native plugins for Editor in 0.00 ms.
Unloading 3456 Unused Serialized files (Serialized files now loaded: 0)
System memory in use before: 258.2 MB.
System memory in use after: 258.4 MB.

Unloading 38 unused Assets to reduce memory usage. Loaded Objects now: 3922.
Total: 2.693648 ms (FindLiveObjects: 0.413470 ms CreateObjectMapping: 0.252830 ms MarkObjects: 1.994981 ms  DeleteObjects: 0.031491 ms)

========================================================================
Received Import Request.
  path: Assets/Animations/Controller/MOST IMPORTANT/Pepper/PEPPER.controller
  artifactKey: Guid(5faa0da13029c40178c7a23c2554de9b) Importer(815301076,1909f56bfc062723c751e8b465ee728b)
Start importing Assets/Animations/Controller/MOST IMPORTANT/Pepper/PEPPER.controller using Guid(5faa0da13029c40178c7a23c2554de9b) Importer(815301076,1909f56bfc062723c751e8b465ee728b)  -> (artifact id: '6f82616a7bc231431f12c7e6b81d3fe1') in 0.213309 seconds
  Import took 0.220320 seconds .

========================================================================
Received Prepare
Registering precompiled user dll's ...
Registered in 0.002008 seconds.
Begin MonoManager ReloadAssembly
Native extension for WindowsStandalone target not found
Native extension for OSXStandalone target not found
Refreshing native plugins compatible for Editor in 0.78 ms, found 1 plugins.
Preloading 0 native plugins for Editor in 0.00 ms.
Invoked RoslynAnalysisRunner static constructor.
RoslynAnalysisRunner will not be running.
RoslynAnalysisRunner has terminated.
Mono: successfully reloaded assembly
- Completed reload, in  1.117 seconds
Platform modules already initialized, skipping
Shader 'Universal Render Pipeline/Particles/Lit': fallback shader 'Universal Render Pipeline/Particles/SimpleLit' not found
Refreshing native plugins compatible for Editor in 0.80 ms, found 1 plugins.
Preloading 0 native plugins for Editor in 0.00 ms.
Unloading 3306 Unused Serialized files (Serialized files now loaded: 0)
System memory in use before: 254.8 MB.
System memory in use after: 255.1 MB.

Unloading 30 unused Assets to reduce memory usage. Loaded Objects now: 3924.
Total: 2.603887 ms (FindLiveObjects: 0.520038 ms CreateObjectMapping: 0.183392 ms MarkObjects: 1.876571 ms  DeleteObjects: 0.022821 ms)

========================================================================
Received Prepare
Registering precompiled user dll's ...
Registered in 0.001910 seconds.
Begin MonoManager ReloadAssembly
Native extension for WindowsStandalone target not found
Native extension for OSXStandalone target not found
Refreshing native plugins compatible for Editor in 0.77 ms, found 1 plugins.
Preloading 0 native plugins for Editor in 0.00 ms.
Invoked RoslynAnalysisRunner static constructor.
RoslynAnalysisRunner will not be running.
RoslynAnalysisRunner has terminated.
Mono: successfully reloaded assembly
- Completed reload, in  1.087 seconds
Platform modules already initialized, skipping
Shader 'Universal Render Pipeline/Particles/Lit': fallback shader 'Universal Render Pipeline/Particles/SimpleLit' not found
Refreshing native plugins compatible for Editor in 0.93 ms, found 1 plugins.
Preloading 0 native plugins for Editor in 0.00 ms.
Unloading 3306 Unused Serialized files (Serialized files now loaded: 0)
System memory in use before: 255.2 MB.
System memory in use after: 255.4 MB.

Unloading 30 unused Assets to reduce memory usage. Loaded Objects now: 3926.
Total: 2.602214 ms (FindLiveObjects: 0.501001 ms CreateObjectMapping: 0.169457 ms MarkObjects: 1.912051 ms  DeleteObjects: 0.018757 ms)

========================================================================
Received Prepare
Registering precompiled user dll's ...
Registered in 0.001921 seconds.
Begin MonoManager ReloadAssembly
Native extension for WindowsStandalone target not found
Native extension for OSXStandalone target not found
Refreshing native plugins compatible for Editor in 0.75 ms, found 1 plugins.
Preloading 0 native plugins for Editor in 0.00 ms.
Invoked RoslynAnalysisRunner static constructor.
RoslynAnalysisRunner will not be running.
RoslynAnalysisRunner has terminated.
Mono: successfully reloaded assembly
- Completed reload, in  1.089 seconds
Platform modules already initialized, skipping
Shader 'Universal Render Pipeline/Particles/Lit': fallback shader 'Universal Render Pipeline/Particles/SimpleLit' not found
Refreshing native plugins compatible for Editor in 1.06 ms, found 1 plugins.
Preloading 0 native plugins for Editor in 0.00 ms.
Unloading 3306 Unused Serialized files (Serialized files now loaded: 0)
System memory in use before: 255.3 MB.
System memory in use after: 255.6 MB.

Unloading 30 unused Assets to reduce memory usage. Loaded Objects now: 3928.
Total: 2.431853 ms (FindLiveObjects: 0.407781 ms CreateObjectMapping: 0.171378 ms MarkObjects: 1.831202 ms  DeleteObjects: 0.020530 ms)

========================================================================
Received Prepare
Registering precompiled user dll's ...
Registered in 0.001913 seconds.
Begin MonoManager ReloadAssembly
Native extension for WindowsStandalone target not found
Native extension for OSXStandalone target not found
Refreshing native plugins compatible for Editor in 0.78 ms, found 1 plugins.
Preloading 0 native plugins for Editor in 0.00 ms.
Invoked RoslynAnalysisRunner static constructor.
RoslynAnalysisRunner will not be running.
RoslynAnalysisRunner has terminated.
Mono: successfully reloaded assembly
- Completed reload, in  1.064 seconds
Platform modules already initialized, skipping
Shader 'Universal Render Pipeline/Particles/Lit': fallback shader 'Universal Render Pipeline/Particles/SimpleLit' not found
Refreshing native plugins compatible for Editor in 0.77 ms, found 1 plugins.
Preloading 0 native plugins for Editor in 0.00 ms.
Unloading 3306 Unused Serialized files (Serialized files now loaded: 0)
System memory in use before: 255.8 MB.
System memory in use after: 256.1 MB.

Unloading 30 unused Assets to reduce memory usage. Loaded Objects now: 3930.
Total: 2.374573 ms (FindLiveObjects: 0.424625 ms CreateObjectMapping: 0.139043 ms MarkObjects: 1.792410 ms  DeleteObjects: 0.017593 ms)

========================================================================
Received Prepare
Registering precompiled user dll's ...
Registered in 0.001883 seconds.
Begin MonoManager ReloadAssembly
Native extension for WindowsStandalone target not found
Native extension for OSXStandalone target not found
Refreshing native plugins compatible for Editor in 0.80 ms, found 1 plugins.
Preloading 0 native plugins for Editor in 0.00 ms.
Invoked RoslynAnalysisRunner static constructor.
RoslynAnalysisRunner will not be running.
RoslynAnalysisRunner has terminated.
Mono: successfully reloaded assembly
- Completed reload, in  1.060 seconds
Platform modules already initialized, skipping
Shader 'Universal Render Pipeline/Particles/Lit': fallback shader 'Universal Render Pipeline/Particles/SimpleLit' not found
Refreshing native plugins compatible for Editor in 0.80 ms, found 1 plugins.
Preloading 0 native plugins for Editor in 0.00 ms.
Unloading 3306 Unused Serialized files (Serialized files now loaded: 0)
System memory in use before: 256.1 MB.
System memory in use after: 256.4 MB.

Unloading 30 unused Assets to reduce memory usage. Loaded Objects now: 3932.
Total: 2.296102 ms (FindLiveObjects: 0.336860 ms CreateObjectMapping: 0.167105 ms MarkObjects: 1.773535 ms  DeleteObjects: 0.017736 ms)

========================================================================
Received Prepare
Registering precompiled user dll's ...
Registered in 0.001976 seconds.
Begin MonoManager ReloadAssembly
Native extension for WindowsStandalone target not found
Native extension for OSXStandalone target not found
Refreshing native plugins compatible for Editor in 0.78 ms, found 1 plugins.
Preloading 0 native plugins for Editor in 0.00 ms.
Invoked RoslynAnalysisRunner static constructor.
RoslynAnalysisRunner will not be running.
RoslynAnalysisRunner has terminated.
Mono: successfully reloaded assembly
- Completed reload, in  1.082 seconds
Platform modules already initialized, skipping
Shader 'Universal Render Pipeline/Particles/Lit': fallback shader 'Universal Render Pipeline/Particles/SimpleLit' not found
Refreshing native plugins compatible for Editor in 0.82 ms, found 1 plugins.
Preloading 0 native plugins for Editor in 0.00 ms.
Unloading 3306 Unused Serialized files (Serialized files now loaded: 0)
System memory in use before: 256.5 MB.
System memory in use after: 256.7 MB.

Unloading 30 unused Assets to reduce memory usage. Loaded Objects now: 3934.
Total: 2.444699 ms (FindLiveObjects: 0.443844 ms CreateObjectMapping: 0.196695 ms MarkObjects: 1.782548 ms  DeleteObjects: 0.020708 ms)

========================================================================
Received Prepare
Registering precompiled user dll's ...
Registered in 0.002275 seconds.
Begin MonoManager ReloadAssembly
Native extension for WindowsStandalone target not found
Native extension for OSXStandalone target not found
Refreshing native plugins compatible for Editor in 0.78 ms, found 1 plugins.
Preloading 0 native plugins for Editor in 0.00 ms.
Invoked RoslynAnalysisRunner static constructor.
RoslynAnalysisRunner will not be running.
RoslynAnalysisRunner has terminated.
Mono: successfully reloaded assembly
- Completed reload, in  1.145 seconds
Platform modules already initialized, skipping
Shader 'Universal Render Pipeline/Particles/Lit': fallback shader 'Universal Render Pipeline/Particles/SimpleLit' not found
Refreshing native plugins compatible for Editor in 0.79 ms, found 1 plugins.
Preloading 0 native plugins for Editor in 0.00 ms.
Unloading 3306 Unused Serialized files (Serialized files now loaded: 0)
System memory in use before: 256.8 MB.
System memory in use after: 257.0 MB.

Unloading 30 unused Assets to reduce memory usage. Loaded Objects now: 3936.
Total: 2.458635 ms (FindLiveObjects: 0.441804 ms CreateObjectMapping: 0.164194 ms MarkObjects: 1.833047 ms  DeleteObjects: 0.018516 ms)

========================================================================
Received Prepare
Registering precompiled user dll's ...
Registered in 0.001864 seconds.
Begin MonoManager ReloadAssembly
Native extension for WindowsStandalone target not found
Native extension for OSXStandalone target not found
Refreshing native plugins compatible for Editor in 0.82 ms, found 1 plugins.
Preloading 0 native plugins for Editor in 0.00 ms.
Invoked RoslynAnalysisRunner static constructor.
RoslynAnalysisRunner will not be running.
RoslynAnalysisRunner has terminated.
Mono: successfully reloaded assembly
- Completed reload, in  1.090 seconds
Platform modules already initialized, skipping
Shader 'Universal Render Pipeline/Particles/Lit': fallback shader 'Universal Render Pipeline/Particles/SimpleLit' not found
Refreshing native plugins compatible for Editor in 0.95 ms, found 1 plugins.
Preloading 0 native plugins for Editor in 0.00 ms.
Unloading 3306 Unused Serialized files (Serialized files now loaded: 0)
System memory in use before: 257.1 MB.
System memory in use after: 257.3 MB.

Unloading 30 unused Assets to reduce memory usage. Loaded Objects now: 3938.
Total: 2.402251 ms (FindLiveObjects: 0.376090 ms CreateObjectMapping: 0.160216 ms MarkObjects: 1.841206 ms  DeleteObjects: 0.023609 ms)

AssetImportWorkerClient::OnTransportError - code=2 error=End of file
